This file contains any messages produced by compilers while
running configure, to aid debugging if configure makes a mistake.

It was created by PROJ.4 Projections configure 4.8.0, which was
generated by GNU Autoconf 2.68.  Invocation command line was

  $ /home/ansucato/Song/kayak/moos-ivp/MOOS/proj-4.8.0/configure --with-jni=no --enable-shared=no --enable-static=yes --with-pic

## --------- ##
## Platform. ##
## --------- ##

hostname = ubuntu
uname -m = x86_64
uname -r = 4.15.0-45-generic
uname -s = Linux
uname -v = #48~16.04.1-Ubuntu SMP Tue Jan 29 18:03:48 UTC 2019

/usr/bin/uname -p = unknown
/bin/uname -X     = unknown

/bin/arch              = unknown
/usr/bin/arch -k       = unknown
/usr/convex/getsysinfo = unknown
/usr/bin/hostinfo      = unknown
/bin/machine           = unknown
/usr/bin/oslevel       = unknown
/bin/universe          = unknown

PATH: /home/ansucato/bin
PATH: /home/ansucato/.local/bin
PATH: /usr/local/sbin
PATH: /usr/local/bin
PATH: /usr/sbin
PATH: /usr/bin
PATH: /sbin
PATH: /bin
PATH: /usr/games
PATH: /usr/local/games
PATH: /snap/bin
PATH: /home/ansucato/moos-ivp/bin
PATH: /home/ansucato/moos-ivp/bin


## ----------- ##
## Core tests. ##
## ----------- ##

configure:2245: checking for a BSD-compatible install
configure:2313: result: /usr/bin/install -c
configure:2324: checking whether build environment is sane
configure:2374: result: yes
configure:2515: checking for a thread-safe mkdir -p
configure:2554: result: /bin/mkdir -p
configure:2567: checking for gawk
configure:2597: result: no
configure:2567: checking for mawk
configure:2583: found /usr/bin/mawk
configure:2594: result: mawk
configure:2605: checking whether make sets $(MAKE)
configure:2627: result: yes
configure:2708: checking whether to enable maintainer-specific portions of Makefiles
configure:2717: result: no
configure:2781: checking for gcc
configure:2797: found /usr/bin/gcc
configure:2808: result: gcc
configure:3037: checking for C compiler version
configure:3046: gcc --version >&5
gcc (Ubuntu 5.4.0-6ubuntu1~16.04.11) 5.4.0 20160609
Copyright (C) 2015 Free Software Foundation, Inc.
This is free software; see the source for copying conditions.  There is NO
warranty; not even for MERCHANTABILITY or FITNESS FOR A PARTICULAR PURPOSE.

configure:3057: $? = 0
configure:3046: gcc -v >&5
Using built-in specs.
COLLECT_GCC=gcc
COLLECT_LTO_WRAPPER=/usr/lib/gcc/x86_64-linux-gnu/5/lto-wrapper
Target: x86_64-linux-gnu
Configured with: ../src/configure -v --with-pkgversion='Ubuntu 5.4.0-6ubuntu1~16.04.11' --with-bugurl=file:///usr/share/doc/gcc-5/README.Bugs --enable-languages=c,ada,c++,java,go,d,fortran,objc,obj-c++ --prefix=/usr --program-suffix=-5 --enable-shared --enable-linker-build-id --libexecdir=/usr/lib --without-included-gettext --enable-threads=posix --libdir=/usr/lib --enable-nls --with-sysroot=/ --enable-clocale=gnu --enable-libstdcxx-debug --enable-libstdcxx-time=yes --with-default-libstdcxx-abi=new --enable-gnu-unique-object --disable-vtable-verify --enable-libmpx --enable-plugin --with-system-zlib --disable-browser-plugin --enable-java-awt=gtk --enable-gtk-cairo --with-java-home=/usr/lib/jvm/java-1.5.0-gcj-5-amd64/jre --enable-java-home --with-jvm-root-dir=/usr/lib/jvm/java-1.5.0-gcj-5-amd64 --with-jvm-jar-dir=/usr/lib/jvm-exports/java-1.5.0-gcj-5-amd64 --with-arch-directory=amd64 --with-ecj-jar=/usr/share/java/eclipse-ecj.jar --enable-objc-gc --enable-multiarch --disable-werror --with-arch-32=i686 --with-abi=m64 --with-multilib-list=m32,m64,mx32 --enable-multilib --with-tune=generic --enable-checking=release --build=x86_64-linux-gnu --host=x86_64-linux-gnu --target=x86_64-linux-gnu
Thread model: posix
gcc version 5.4.0 20160609 (Ubuntu 5.4.0-6ubuntu1~16.04.11) 
configure:3057: $? = 0
configure:3046: gcc -V >&5
gcc: error: unrecognized command line option '-V'
gcc: fatal error: no input files
compilation terminated.
configure:3057: $? = 1
configure:3046: gcc -qversion >&5
gcc: error: unrecognized command line option '-qversion'
gcc: fatal error: no input files
compilation terminated.
configure:3057: $? = 1
configure:3077: checking whether the C compiler works
configure:3099: gcc    conftest.c  >&5
configure:3103: $? = 0
configure:3151: result: yes
configure:3154: checking for C compiler default output file name
configure:3156: result: a.out
configure:3162: checking for suffix of executables
configure:3169: gcc -o conftest    conftest.c  >&5
configure:3173: $? = 0
configure:3195: result: 
configure:3217: checking whether we are cross compiling
configure:3225: gcc -o conftest    conftest.c  >&5
configure:3229: $? = 0
configure:3236: ./conftest
configure:3240: $? = 0
configure:3255: result: no
configure:3260: checking for suffix of object files
configure:3282: gcc -c   conftest.c >&5
configure:3286: $? = 0
configure:3307: result: o
configure:3311: checking whether we are using the GNU C compiler
configure:3330: gcc -c   conftest.c >&5
configure:3330: $? = 0
configure:3339: result: yes
configure:3348: checking whether gcc accepts -g
configure:3368: gcc -c -g  conftest.c >&5
configure:3368: $? = 0
configure:3409: result: yes
configure:3426: checking for gcc option to accept ISO C89
configure:3490: gcc  -c -g -O2  conftest.c >&5
configure:3490: $? = 0
configure:3503: result: none needed
configure:3534: checking for style of include used by make
configure:3562: result: GNU
configure:3587: checking dependency style of gcc
configure:3697: result: gcc3
configure:3713: checking whether ln -s works
configure:3717: result: yes
configure:3724: checking whether make sets $(MAKE)
configure:3746: result: yes
configure:3784: checking build system type
configure:3798: result: x86_64-unknown-linux-gnu
configure:3818: checking host system type
configure:3831: result: x86_64-unknown-linux-gnu
configure:3872: checking how to print strings
configure:3899: result: printf
configure:3920: checking for a sed that does not truncate output
configure:3984: result: /bin/sed
configure:4002: checking for grep that handles long lines and -e
configure:4060: result: /bin/grep
configure:4065: checking for egrep
configure:4127: result: /bin/grep -E
configure:4132: checking for fgrep
configure:4194: result: /bin/grep -F
configure:4229: checking for ld used by gcc
configure:4296: result: /usr/bin/ld
configure:4303: checking if the linker (/usr/bin/ld) is GNU ld
configure:4318: result: yes
configure:4330: checking for BSD- or MS-compatible name lister (nm)
configure:4379: result: /usr/bin/nm -B
configure:4509: checking the name lister (/usr/bin/nm -B) interface
configure:4516: gcc -c -g -O2  conftest.c >&5
configure:4519: /usr/bin/nm -B "conftest.o"
configure:4522: output
0000000000000000 B some_variable
configure:4529: result: BSD nm
configure:4533: checking the maximum length of command line arguments
configure:4658: result: 1572864
configure:4675: checking whether the shell understands some XSI constructs
configure:4685: result: yes
configure:4689: checking whether the shell understands "+="
configure:4695: result: yes
configure:4730: checking how to convert x86_64-unknown-linux-gnu file names to x86_64-unknown-linux-gnu format
configure:4770: result: func_convert_file_noop
configure:4777: checking how to convert x86_64-unknown-linux-gnu file names to toolchain format
configure:4797: result: func_convert_file_noop
configure:4804: checking for /usr/bin/ld option to reload object files
configure:4811: result: -r
configure:4885: checking for objdump
configure:4901: found /usr/bin/objdump
configure:4912: result: objdump
configure:4944: checking how to recognize dependent libraries
configure:5146: result: pass_all
configure:5231: checking for dlltool
configure:5261: result: no
configure:5291: checking how to associate runtime and link libraries
configure:5318: result: printf %s\n
configure:5379: checking for ar
configure:5395: found /usr/bin/ar
configure:5406: result: ar
configure:5443: checking for archiver @FILE support
configure:5460: gcc -c -g -O2  conftest.c >&5
configure:5460: $? = 0
configure:5463: ar cru libconftest.a @conftest.lst >&5
ar: `u' modifier ignored since `D' is the default (see `U')
configure:5466: $? = 0
configure:5471: ar cru libconftest.a @conftest.lst >&5
ar: `u' modifier ignored since `D' is the default (see `U')
ar: conftest.o: No such file or directory
configure:5474: $? = 1
configure:5486: result: @
configure:5544: checking for strip
configure:5560: found /usr/bin/strip
configure:5571: result: strip
configure:5643: checking for ranlib
configure:5659: found /usr/bin/ranlib
configure:5670: result: ranlib
configure:5772: checking command to parse /usr/bin/nm -B output from gcc object
configure:5891: gcc -c -g -O2  conftest.c >&5
configure:5894: $? = 0
configure:5898: /usr/bin/nm -B conftest.o \| sed -n -e 's/^.*[ ]\([ABCDGIRSTW][ABCDGIRSTW]*\)[ ][ ]*\([_A-Za-z][_A-Za-z0-9]*\)$/\1 \2 \2/p' | sed '/ __gnu_lto/d' \> conftest.nm
configure:5901: $? = 0
configure:5967: gcc -o conftest -g -O2   conftest.c conftstm.o >&5
configure:5970: $? = 0
configure:6008: result: ok
configure:6045: checking for sysroot
configure:6075: result: no
configure:6152: gcc -c -g -O2  conftest.c >&5
configure:6155: $? = 0
configure:6318: checking for mt
configure:6334: found /bin/mt
configure:6345: result: mt
configure:6368: checking if mt is a manifest tool
configure:6374: mt '-?'
configure:6382: result: no
configure:7014: checking how to run the C preprocessor
configure:7045: gcc -E  conftest.c
configure:7045: $? = 0
configure:7059: gcc -E  conftest.c
conftest.c:11:28: fatal error: ac_nonexistent.h: No such file or directory
compilation terminated.
configure:7059: $? = 1
configure: failed program was:
| /* confdefs.h */
| #define PACKAGE_NAME "PROJ.4 Projections"
| #define PACKAGE_TARNAME "proj"
| #define PACKAGE_VERSION "4.8.0"
| #define PACKAGE_STRING "PROJ.4 Projections 4.8.0"
| #define PACKAGE_BUGREPORT "warmerdam@pobox.com"
| #define PACKAGE_URL ""
| #define PACKAGE "proj"
| #define VERSION "4.8.0"
| /* end confdefs.h.  */
| #include <ac_nonexistent.h>
configure:7084: result: gcc -E
configure:7104: gcc -E  conftest.c
configure:7104: $? = 0
configure:7118: gcc -E  conftest.c
conftest.c:11:28: fatal error: ac_nonexistent.h: No such file or directory
compilation terminated.
configure:7118: $? = 1
configure: failed program was:
| /* confdefs.h */
| #define PACKAGE_NAME "PROJ.4 Projections"
| #define PACKAGE_TARNAME "proj"
| #define PACKAGE_VERSION "4.8.0"
| #define PACKAGE_STRING "PROJ.4 Projections 4.8.0"
| #define PACKAGE_BUGREPORT "warmerdam@pobox.com"
| #define PACKAGE_URL ""
| #define PACKAGE "proj"
| #define VERSION "4.8.0"
| /* end confdefs.h.  */
| #include <ac_nonexistent.h>
configure:7147: checking for ANSI C header files
configure:7167: gcc -c -g -O2  conftest.c >&5
configure:7167: $? = 0
configure:7240: gcc -o conftest -g -O2   conftest.c  >&5
configure:7240: $? = 0
configure:7240: ./conftest
configure:7240: $? = 0
configure:7251: result: yes
configure:7264: checking for sys/types.h
configure:7264: gcc -c -g -O2  conftest.c >&5
configure:7264: $? = 0
configure:7264: result: yes
configure:7264: checking for sys/stat.h
configure:7264: gcc -c -g -O2  conftest.c >&5
configure:7264: $? = 0
configure:7264: result: yes
configure:7264: checking for stdlib.h
configure:7264: gcc -c -g -O2  conftest.c >&5
configure:7264: $? = 0
configure:7264: result: yes
configure:7264: checking for string.h
configure:7264: gcc -c -g -O2  conftest.c >&5
configure:7264: $? = 0
configure:7264: result: yes
configure:7264: checking for memory.h
configure:7264: gcc -c -g -O2  conftest.c >&5
configure:7264: $? = 0
configure:7264: result: yes
configure:7264: checking for strings.h
configure:7264: gcc -c -g -O2  conftest.c >&5
configure:7264: $? = 0
configure:7264: result: yes
configure:7264: checking for inttypes.h
configure:7264: gcc -c -g -O2  conftest.c >&5
configure:7264: $? = 0
configure:7264: result: yes
configure:7264: checking for stdint.h
configure:7264: gcc -c -g -O2  conftest.c >&5
configure:7264: $? = 0
configure:7264: result: yes
configure:7264: checking for unistd.h
configure:7264: gcc -c -g -O2  conftest.c >&5
configure:7264: $? = 0
configure:7264: result: yes
configure:7278: checking for dlfcn.h
configure:7278: gcc -c -g -O2  conftest.c >&5
configure:7278: $? = 0
configure:7278: result: yes
configure:7465: checking for objdir
configure:7480: result: .libs
configure:7747: checking if gcc supports -fno-rtti -fno-exceptions
configure:7765: gcc -c -g -O2  -fno-rtti -fno-exceptions conftest.c >&5
cc1: warning: command line option '-fno-rtti' is valid for C++/ObjC++ but not for C
configure:7769: $? = 0
configure:7782: result: no
configure:8092: checking for gcc option to produce PIC
configure:8099: result: -fPIC -DPIC
configure:8107: checking if gcc PIC flag -fPIC -DPIC works
configure:8125: gcc -c -g -O2  -fPIC -DPIC -DPIC conftest.c >&5
configure:8129: $? = 0
configure:8142: result: yes
configure:8171: checking if gcc static flag -static works
configure:8199: result: yes
configure:8214: checking if gcc supports -c -o file.o
configure:8235: gcc -c -g -O2  -o out/conftest2.o conftest.c >&5
configure:8239: $? = 0
configure:8261: result: yes
configure:8269: checking if gcc supports -c -o file.o
configure:8316: result: yes
configure:8349: checking whether the gcc linker (/usr/bin/ld -m elf_x86_64) supports shared libraries
configure:9507: result: yes
configure:9752: checking dynamic linker characteristics
configure:10266: gcc -o conftest -g -O2   -Wl,-rpath -Wl,/foo conftest.c  >&5
configure:10266: $? = 0
configure:10488: result: GNU/Linux ld.so
configure:10595: checking how to hardcode library paths into programs
configure:10620: result: immediate
configure:11160: checking whether stripping libraries is possible
configure:11165: result: yes
configure:11200: checking if libtool supports shared libraries
configure:11202: result: yes
configure:11205: checking whether to build shared libraries
configure:11226: result: no
configure:11229: checking whether to build static libraries
configure:11233: result: yes
configure:11269: checking for exp in -lm
configure:11294: gcc -o conftest -g -O2   conftest.c -lm   >&5
conftest.c:30:6: warning: conflicting types for built-in function 'exp'
 char exp ();
      ^
configure:11294: $? = 0
configure:11303: result: yes
configure:11315: checking for ANSI C header files
configure:11419: result: yes
configure:11498: checking whether to enable Java/JNI support
configure:11501: result: disabled
configure:11516: checking for mutexes
configure:11520: result: enabled, pthread
configure:11667: creating ./config.status

## ---------------------- ##
## Running config.status. ##
## ---------------------- ##

This file was extended by PROJ.4 Projections config.status 4.8.0, which was
generated by GNU Autoconf 2.68.  Invocation command line was

  CONFIG_FILES    = 
  CONFIG_HEADERS  = 
  CONFIG_LINKS    = 
  CONFIG_COMMANDS = 
  $ ./config.status 

on ubuntu

config.status:1102: creating Makefile
config.status:1102: creating src/Makefile
config.status:1102: creating man/Makefile
config.status:1102: creating man/man1/Makefile
config.status:1102: creating man/man3/Makefile
config.status:1102: creating nad/Makefile
config.status:1102: creating jniwrap/Makefile
config.status:1102: creating jniwrap/org/Makefile
config.status:1102: creating jniwrap/org/proj4/Makefile
config.status:1102: creating src/proj_config.h
config.status:1316: executing depfiles commands
config.status:1316: executing libtool commands
configure:14055: creating ./config.status

## ---------------------- ##
## Running config.status. ##
## ---------------------- ##

This file was extended by PROJ.4 Projections config.status 4.8.0, which was
generated by GNU Autoconf 2.68.  Invocation command line was

  CONFIG_FILES    = 
  CONFIG_HEADERS  = 
  CONFIG_LINKS    = 
  CONFIG_COMMANDS = 
  $ ./config.status 

on ubuntu

config.status:1104: creating Makefile
config.status:1104: creating src/Makefile
config.status:1104: creating man/Makefile
config.status:1104: creating man/man1/Makefile
config.status:1104: creating man/man3/Makefile
config.status:1104: creating nad/Makefile
config.status:1104: creating jniwrap/Makefile
config.status:1104: creating jniwrap/org/Makefile
config.status:1104: creating jniwrap/org/proj4/Makefile
config.status:1104: creating proj.pc
config.status:1104: creating src/proj_config.h
config.status:1270: src/proj_config.h is unchanged
config.status:1318: executing depfiles commands
config.status:1318: executing libtool commands

## ---------------- ##
## Cache variables. ##
## ---------------- ##

ac_cv_build=x86_64-unknown-linux-gnu
ac_cv_c_compiler_gnu=yes
ac_cv_env_CC_set=
ac_cv_env_CC_value=
ac_cv_env_CFLAGS_set=
ac_cv_env_CFLAGS_value=
ac_cv_env_CPPFLAGS_set=
ac_cv_env_CPPFLAGS_value=
ac_cv_env_CPP_set=
ac_cv_env_CPP_value=
ac_cv_env_LDFLAGS_set=
ac_cv_env_LDFLAGS_value=
ac_cv_env_LIBS_set=
ac_cv_env_LIBS_value=
ac_cv_env_build_alias_set=
ac_cv_env_build_alias_value=
ac_cv_env_host_alias_set=
ac_cv_env_host_alias_value=
ac_cv_env_target_alias_set=
ac_cv_env_target_alias_value=
ac_cv_header_dlfcn_h=yes
ac_cv_header_inttypes_h=yes
ac_cv_header_memory_h=yes
ac_cv_header_stdc=yes
ac_cv_header_stdint_h=yes
ac_cv_header_stdlib_h=yes
ac_cv_header_string_h=yes
ac_cv_header_strings_h=yes
ac_cv_header_sys_stat_h=yes
ac_cv_header_sys_types_h=yes
ac_cv_header_unistd_h=yes
ac_cv_host=x86_64-unknown-linux-gnu
ac_cv_lib_m_exp=yes
ac_cv_objext=o
ac_cv_path_EGREP='/bin/grep -E'
ac_cv_path_FGREP='/bin/grep -F'
ac_cv_path_GREP=/bin/grep
ac_cv_path_SED=/bin/sed
ac_cv_path_install='/usr/bin/install -c'
ac_cv_path_mkdir=/bin/mkdir
ac_cv_prog_AWK=mawk
ac_cv_prog_CPP='gcc -E'
ac_cv_prog_ac_ct_AR=ar
ac_cv_prog_ac_ct_CC=gcc
ac_cv_prog_ac_ct_MANIFEST_TOOL=mt
ac_cv_prog_ac_ct_OBJDUMP=objdump
ac_cv_prog_ac_ct_RANLIB=ranlib
ac_cv_prog_ac_ct_STRIP=strip
ac_cv_prog_cc_c89=
ac_cv_prog_cc_g=yes
ac_cv_prog_make_make_set=yes
am_cv_CC_dependencies_compiler_type=gcc3
lt_cv_ar_at_file=@
lt_cv_deplibs_check_method=pass_all
lt_cv_file_magic_cmd='$MAGIC_CMD'
lt_cv_file_magic_test_file=
lt_cv_ld_reload_flag=-r
lt_cv_nm_interface='BSD nm'
lt_cv_objdir=.libs
lt_cv_path_LD=/usr/bin/ld
lt_cv_path_NM='/usr/bin/nm -B'
lt_cv_path_mainfest_tool=no
lt_cv_prog_compiler_c_o=yes
lt_cv_prog_compiler_pic='-fPIC -DPIC'
lt_cv_prog_compiler_pic_works=yes
lt_cv_prog_compiler_rtti_exceptions=no
lt_cv_prog_compiler_static_works=yes
lt_cv_prog_gnu_ld=yes
lt_cv_sharedlib_from_linklib_cmd='printf %s\n'
lt_cv_shlibpath_overrides_runpath=no
lt_cv_sys_global_symbol_pipe='sed -n -e '\''s/^.*[	 ]\([ABCDGIRSTW][ABCDGIRSTW]*\)[	 ][	 ]*\([_A-Za-z][_A-Za-z0-9]*\)$/\1 \2 \2/p'\'' | sed '\''/ __gnu_lto/d'\'''
lt_cv_sys_global_symbol_to_c_name_address='sed -n -e '\''s/^: \([^ ]*\)[ ]*$/  {\"\1\", (void *) 0},/p'\'' -e '\''s/^[ABCDGIRSTW]* \([^ ]*\) \([^ ]*\)$/  {"\2", (void *) \&\2},/p'\'''
lt_cv_sys_global_symbol_to_c_name_address_lib_prefix='sed -n -e '\''s/^: \([^ ]*\)[ ]*$/  {\"\1\", (void *) 0},/p'\'' -e '\''s/^[ABCDGIRSTW]* \([^ ]*\) \(lib[^ ]*\)$/  {"\2", (void *) \&\2},/p'\'' -e '\''s/^[ABCDGIRSTW]* \([^ ]*\) \([^ ]*\)$/  {"lib\2", (void *) \&\2},/p'\'''
lt_cv_sys_global_symbol_to_cdecl='sed -n -e '\''s/^T .* \(.*\)$/extern int \1();/p'\'' -e '\''s/^[ABCDGIRSTW]* .* \(.*\)$/extern char \1;/p'\'''
lt_cv_sys_max_cmd_len=1572864
lt_cv_to_host_file_cmd=func_convert_file_noop
lt_cv_to_tool_file_cmd=func_convert_file_noop

## ----------------- ##
## Output variables. ##
## ----------------- ##

ACLOCAL='${SHELL} /home/ansucato/Song/kayak/moos-ivp/MOOS/proj-4.8.0/missing --run aclocal-1.11'
AMDEPBACKSLASH='\'
AMDEP_FALSE='#'
AMDEP_TRUE=''
AMTAR='${SHELL} /home/ansucato/Song/kayak/moos-ivp/MOOS/proj-4.8.0/missing --run tar'
AR='ar'
AUTOCONF='${SHELL} /home/ansucato/Song/kayak/moos-ivp/MOOS/proj-4.8.0/missing --run autoconf'
AUTOHEADER='${SHELL} /home/ansucato/Song/kayak/moos-ivp/MOOS/proj-4.8.0/missing --run autoheader'
AUTOMAKE='${SHELL} /home/ansucato/Song/kayak/moos-ivp/MOOS/proj-4.8.0/missing --run automake-1.11'
AWK='mawk'
CC='gcc'
CCDEPMODE='depmode=gcc3'
CFLAGS='-g -O2'
CPP='gcc -E'
CPPFLAGS=''
CYGPATH_W='echo'
DEFS='-DHAVE_CONFIG_H'
DEPDIR='.deps'
DLLTOOL='false'
DSYMUTIL=''
DUMPBIN=''
ECHO_C=''
ECHO_N='-n'
ECHO_T=''
EGREP='/bin/grep -E'
EXEEXT=''
FGREP='/bin/grep -F'
GREP='/bin/grep'
INSTALL_DATA='${INSTALL} -m 644'
INSTALL_PROGRAM='${INSTALL}'
INSTALL_SCRIPT='${INSTALL}'
INSTALL_STRIP_PROGRAM='$(install_sh) -c -s'
JNI_INCLUDE=''
LD='/usr/bin/ld -m elf_x86_64'
LDFLAGS=''
LIBOBJS=''
LIBS='-lm '
LIBTOOL='$(SHELL) $(top_builddir)/libtool'
LIPO=''
LN_S='ln -s'
LTLIBOBJS=''
MAINT='#'
MAINTAINER_MODE_FALSE=''
MAINTAINER_MODE_TRUE='#'
MAKEINFO='${SHELL} /home/ansucato/Song/kayak/moos-ivp/MOOS/proj-4.8.0/missing --run makeinfo'
MANIFEST_TOOL=':'
MKDIR_P='/bin/mkdir -p'
MUTEX_SETTING='pthread'
NM='/usr/bin/nm -B'
NMEDIT=''
OBJDUMP='objdump'
OBJEXT='o'
OTOOL64=''
OTOOL=''
PACKAGE='proj'
PACKAGE_BUGREPORT='warmerdam@pobox.com'
PACKAGE_NAME='PROJ.4 Projections'
PACKAGE_STRING='PROJ.4 Projections 4.8.0'
PACKAGE_TARNAME='proj'
PACKAGE_URL=''
PACKAGE_VERSION='4.8.0'
PATH_SEPARATOR=':'
RANLIB='ranlib'
SED='/bin/sed'
SET_MAKE=''
SHELL='/bin/bash'
STRIP='strip'
VERSION='4.8.0'
ac_ct_AR='ar'
ac_ct_CC='gcc'
ac_ct_DUMPBIN=''
am__EXEEXT_FALSE=''
am__EXEEXT_TRUE='#'
am__fastdepCC_FALSE='#'
am__fastdepCC_TRUE=''
am__include='include'
am__isrc=' -I$(srcdir)'
am__leading_dot='.'
am__quote=''
am__tar='${AMTAR} chof - "$$tardir"'
am__untar='${AMTAR} xf -'
bindir='${exec_prefix}/bin'
build='x86_64-unknown-linux-gnu'
build_alias=''
build_cpu='x86_64'
build_os='linux-gnu'
build_vendor='unknown'
datadir='${datarootdir}'
datarootdir='${prefix}/share'
docdir='${datarootdir}/doc/${PACKAGE_TARNAME}'
dvidir='${docdir}'
exec_prefix='${prefix}'
host='x86_64-unknown-linux-gnu'
host_alias=''
host_cpu='x86_64'
host_os='linux-gnu'
host_vendor='unknown'
htmldir='${docdir}'
includedir='${prefix}/include'
infodir='${datarootdir}/info'
install_sh='${SHELL} /home/ansucato/Song/kayak/moos-ivp/MOOS/proj-4.8.0/install-sh'
libdir='${exec_prefix}/lib'
libexecdir='${exec_prefix}/libexec'
localedir='${datarootdir}/locale'
localstatedir='${prefix}/var'
mandir='${datarootdir}/man'
mkdir_p='/bin/mkdir -p'
oldincludedir='/usr/include'
pdfdir='${docdir}'
prefix='/home/ansucato/Song/kayak/moos-ivp/build/MOOS/proj-4.8.0'
program_transform_name='s,x,x,'
psdir='${docdir}'
sbindir='${exec_prefix}/sbin'
sharedstatedir='${prefix}/com'
sysconfdir='${prefix}/etc'
target_alias=''

## ----------- ##
## confdefs.h. ##
## ----------- ##

/* confdefs.h */
#define PACKAGE_NAME "PROJ.4 Projections"
#define PACKAGE_TARNAME "proj"
#define PACKAGE_VERSION "4.8.0"
#define PACKAGE_STRING "PROJ.4 Projections 4.8.0"
#define PACKAGE_BUGREPORT "warmerdam@pobox.com"
#define PACKAGE_URL ""
#define PACKAGE "proj"
#define VERSION "4.8.0"
#define STDC_HEADERS 1
#define HAVE_SYS_TYPES_H 1
#define HAVE_SYS_STAT_H 1
#define HAVE_STDLIB_H 1
#define HAVE_STRING_H 1
#define HAVE_MEMORY_H 1
#define HAVE_STRINGS_H 1
#define HAVE_INTTYPES_H 1
#define HAVE_STDINT_H 1
#define HAVE_UNISTD_H 1
#define HAVE_DLFCN_H 1
#define LT_OBJDIR ".libs/"
#define HAVE_LIBM 1
#define STDC_HEADERS 1

configure: exit 0
